2025-11-30 20:08:31 - [main] INFO  l.r.RestcompilerApplicationTests - Starting RestcompilerApplicationTests using Java 25.0.1 with PID 34812 (started by Lyexs in /home/Lyexs/Documents/ProjetsWeb/restcompiler)
2025-11-30 20:08:31 - [main] DEBUG l.r.RestcompilerApplicationTests - Running with Spring Boot v4.0.0, Spring v7.0.1
2025-11-30 20:08:31 - [main] INFO  l.r.RestcompilerApplicationTests - No active profile set, falling back to 1 default profile: "default"
2025-11-30 20:08:31 - [main] DEBUG o.s.w.c.s.GenericWebApplicationContext - Refreshing org.springframework.web.context.support.GenericWebApplicationContext@6df3e44c
2025-11-30 20:08:31 - [main] INFO  o.s.b.w.a.WelcomePageHandlerMapping - Adding welcome page: class path resource [static/index.html]
2025-11-30 20:08:32 - [main] DEBUG o.s.w.s.m.m.a.RequestMappingHandlerMapping - 4 mappings in 'requestMappingHandlerMapping'
2025-11-30 20:08:32 - [main] DEBUG o.s.w.s.h.SimpleUrlHandlerMapping - Patterns [/webjars/**, /**] in 'resourceHandlerMapping'
2025-11-30 20:08:32 - [main] DEBUG o.s.w.s.m.m.a.RequestMappingHandlerAdapter - ControllerAdvice beans: 0 @ModelAttribute, 0 @InitBinder, 1 RequestBodyAdvice, 1 ResponseBodyAdvice
2025-11-30 20:08:32 - [main] WARN  o.s.b.t.a.ThymeleafAutoConfiguration$DefaultTemplateResolverConfiguration - Cannot find template location: classpath:/templates/ (please add some templates, check your Thymeleaf configuration, or set spring.thymeleaf.check-template-location=false)
2025-11-30 20:08:32 - [main] DEBUG o.s.w.s.m.m.a.ExceptionHandlerExceptionResolver - ControllerAdvice beans: 0 @ExceptionHandler, 1 ResponseBodyAdvice
2025-11-30 20:08:32 - [main] INFO  l.r.RestcompilerApplicationTests - Started RestcompilerApplicationTests in 0.985 seconds (process running for 1.721)
2025-11-30 20:08:32 - [SpringApplicationShutdownHook] DEBUG o.s.w.c.s.GenericWebApplicationContext - Closing org.springframework.web.context.support.GenericWebApplicationContext@6df3e44c, started on Sun Nov 30 20:08:31 GMT 2025
2025-11-30 20:08:43 - [main] INFO  l.r.RestcompilerApplicationTests - Starting RestcompilerApplicationTests using Java 25.0.1 with PID 35055 (started by Lyexs in /home/Lyexs/Documents/ProjetsWeb/restcompiler)
2025-11-30 20:08:43 - [main] DEBUG l.r.RestcompilerApplicationTests - Running with Spring Boot v4.0.0, Spring v7.0.1
2025-11-30 20:08:43 - [main] INFO  l.r.RestcompilerApplicationTests - No active profile set, falling back to 1 default profile: "default"
2025-11-30 20:08:43 - [main] DEBUG o.s.w.c.s.GenericWebApplicationContext - Refreshing org.springframework.web.context.support.GenericWebApplicationContext@6df3e44c
2025-11-30 20:08:43 - [main] INFO  o.s.b.w.a.WelcomePageHandlerMapping - Adding welcome page: class path resource [static/index.html]
2025-11-30 20:08:44 - [main] DEBUG o.s.w.s.m.m.a.RequestMappingHandlerMapping - 4 mappings in 'requestMappingHandlerMapping'
2025-11-30 20:08:44 - [main] DEBUG o.s.w.s.h.SimpleUrlHandlerMapping - Patterns [/webjars/**, /**] in 'resourceHandlerMapping'
2025-11-30 20:08:44 - [main] DEBUG o.s.w.s.m.m.a.RequestMappingHandlerAdapter - ControllerAdvice beans: 0 @ModelAttribute, 0 @InitBinder, 1 RequestBodyAdvice, 1 ResponseBodyAdvice
2025-11-30 20:08:44 - [main] WARN  o.s.b.t.a.ThymeleafAutoConfiguration$DefaultTemplateResolverConfiguration - Cannot find template location: classpath:/templates/ (please add some templates, check your Thymeleaf configuration, or set spring.thymeleaf.check-template-location=false)
2025-11-30 20:08:44 - [main] DEBUG o.s.w.s.m.m.a.ExceptionHandlerExceptionResolver - ControllerAdvice beans: 0 @ExceptionHandler, 1 ResponseBodyAdvice
2025-11-30 20:08:44 - [main] INFO  l.r.RestcompilerApplicationTests - Started RestcompilerApplicationTests in 0.905 seconds (process running for 1.609)
2025-11-30 20:08:44 - [SpringApplicationShutdownHook] DEBUG o.s.w.c.s.GenericWebApplicationContext - Closing org.springframework.web.context.support.GenericWebApplicationContext@6df3e44c, started on Sun Nov 30 20:08:43 GMT 2025
2025-11-30 20:13:28 - [main] INFO  l.r.RestcompilerApplicationTests - Starting RestcompilerApplicationTests using Java 25.0.1 with PID 37429 (started by Lyexs in /home/Lyexs/Documents/ProjetsWeb/restcompiler)
2025-11-30 20:13:28 - [main] DEBUG l.r.RestcompilerApplicationTests - Running with Spring Boot v4.0.0, Spring v7.0.1
2025-11-30 20:13:28 - [main] INFO  l.r.RestcompilerApplicationTests - No active profile set, falling back to 1 default profile: "default"
2025-11-30 20:13:28 - [main] DEBUG o.s.w.c.s.GenericWebApplicationContext - Refreshing org.springframework.web.context.support.GenericWebApplicationContext@6df3e44c
2025-11-30 20:13:28 - [main] INFO  o.s.b.w.a.WelcomePageHandlerMapping - Adding welcome page: class path resource [static/index.html]
2025-11-30 20:13:29 - [main] DEBUG o.s.w.s.m.m.a.RequestMappingHandlerMapping - 4 mappings in 'requestMappingHandlerMapping'
2025-11-30 20:13:29 - [main] DEBUG o.s.w.s.h.SimpleUrlHandlerMapping - Patterns [/webjars/**, /**] in 'resourceHandlerMapping'
2025-11-30 20:13:29 - [main] DEBUG o.s.w.s.m.m.a.RequestMappingHandlerAdapter - ControllerAdvice beans: 0 @ModelAttribute, 0 @InitBinder, 1 RequestBodyAdvice, 1 ResponseBodyAdvice
2025-11-30 20:13:29 - [main] WARN  o.s.b.t.a.ThymeleafAutoConfiguration$DefaultTemplateResolverConfiguration - Cannot find template location: classpath:/templates/ (please add some templates, check your Thymeleaf configuration, or set spring.thymeleaf.check-template-location=false)
2025-11-30 20:13:29 - [main] DEBUG o.s.w.s.m.m.a.ExceptionHandlerExceptionResolver - ControllerAdvice beans: 0 @ExceptionHandler, 1 ResponseBodyAdvice
2025-11-30 20:13:29 - [main] INFO  l.r.RestcompilerApplicationTests - Started RestcompilerApplicationTests in 1.008 seconds (process running for 1.725)
2025-11-30 20:13:29 - [SpringApplicationShutdownHook] DEBUG o.s.w.c.s.GenericWebApplicationContext - Closing org.springframework.web.context.support.GenericWebApplicationContext@6df3e44c, started on Sun Nov 30 20:13:28 GMT 2025
